<?xml version="1.0" encoding="UTF-8"?>
<!-- Generated by org.testng.reporters.JUnitReportReporter -->
<testsuite skipped="0" hostname="DESKTOP-H9QHVGK" name="com.flipkart.TestCases.VerifyLoginBoxClose" tests="2" failures="0" timestamp="06 Oct 2018 10:19:10 GMT" time="37.310" errors="0">
  <testcase name="VerifyClickClose" time="19.867" classname="com.flipkart.TestCases.VerifyLoginBoxClose"/>
  <testcase name="VerifyEscClose" time="17.443" classname="com.flipkart.TestCases.VerifyLoginBoxClose"/>
</testsuite> <!-- com.flipkart.TestCases.VerifyLoginBoxClose -->
