<?xml version="1.0" encoding="UTF-8"?>
<!-- Generated by org.testng.reporters.JUnitReportReporter -->
<testsuite skipped="0" hostname="DESKTOP-H9QHVGK" name="com.flipkart.TestCases.VerifyLoginBoxClose" tests="2" failures="0" timestamp="22 Sep 2018 18:40:58 GMT" time="36.052" errors="0">
  <testcase name="VerifyClickClose" time="18.559" classname="com.flipkart.TestCases.VerifyLoginBoxClose"/>
  <testcase name="VerifyEscClose" time="17.493" classname="com.flipkart.TestCases.VerifyLoginBoxClose"/>
</testsuite> <!-- com.flipkart.TestCases.VerifyLoginBoxClose -->
