<?xml version="1.0" encoding="UTF-8"?>
<!-- Generated by org.testng.reporters.JUnitReportReporter -->
<testsuite skipped="0" hostname="DESKTOP-H9QHVGK" name="com.flipkart.TestCases.VerifyLogin" tests="1" failures="0" timestamp="06 Oct 2018 10:19:10 GMT" time="17.677" errors="0">
  <testcase name="VerifyValidLogin" time="17.677" classname="com.flipkart.TestCases.VerifyLogin"/>
</testsuite> <!-- com.flipkart.TestCases.VerifyLogin -->
