<?xml version="1.0" encoding="UTF-8"?>
<!-- Generated by org.testng.reporters.JUnitReportReporter -->
<testsuite skipped="0" hostname="DESKTOP-H9QHVGK" name="com.flipkart.TestCases.VerifyLogin" tests="1" failures="0" timestamp="22 Sep 2018 18:40:58 GMT" time="34.517" errors="0">
  <testcase name="VerifyValidLogin" time="34.517" classname="com.flipkart.TestCases.VerifyLogin"/>
</testsuite> <!-- com.flipkart.TestCases.VerifyLogin -->
